<?xml version="1.0" encoding="UTF-8"?>
<!-- Generated by org.testng.reporters.JUnitReportReporter -->
<testsuite hostname="QT-INBG-LT0591" failures="0" tests="4" name="Automation.Mobile.LoginPageTest" time="14.718" errors="0" timestamp="2022-07-21T09:21:26 IST" skipped="0">
  <testcase classname="Automation.Mobile.LoginPageTest" name="logIn" time="2.882"/>
  <system-out/>
  <testcase classname="Automation.Mobile.LoginPageTest" name="logIn" time="5.129"/>
  <system-out/>
  <testcase classname="Automation.Mobile.LoginPageTest" name="logIn" time="3.083"/>
  <system-out/>
  <testcase classname="Automation.Mobile.LoginPageTest" name="logIn" time="3.624"/>
  <system-out/>
</testsuite> <!-- Automation.Mobile.LoginPageTest -->
