<?xml version="1.0" encoding="UTF-8"?>
<!-- Generated by org.testng.reporters.JUnitReportReporter -->
<testsuite hostname="QT-INBG-LT0591" failures="0" tests="7" name="Automation.Mobile.ContactTest" time="29.698" errors="0" timestamp="2022-07-15T11:55:33 IST" skipped="0">
  <testcase classname="Automation.Mobile.ContactTest" name="get_Contact" time="4.241"/>
  <system-out/>
  <testcase classname="Automation.Mobile.ContactTest" name="get_Contact" time="3.437"/>
  <system-out/>
  <testcase classname="Automation.Mobile.ContactTest" name="get_Contact" time="4.683"/>
  <system-out/>
  <testcase classname="Automation.Mobile.ContactTest" name="get_Contact" time="5.046"/>
  <system-out/>
  <testcase classname="Automation.Mobile.ContactTest" name="get_Contact" time="4.161"/>
  <system-out/>
  <testcase classname="Automation.Mobile.ContactTest" name="get_Contact" time="3.751"/>
  <system-out/>
  <testcase classname="Automation.Mobile.ContactTest" name="get_Contact" time="4.379"/>
  <system-out/>
</testsuite> <!-- Automation.Mobile.ContactTest -->
