<?xml version="1.0" encoding="UTF-8"?>
<!-- Generated by org.testng.reporters.JUnitReportReporter -->
<testsuite hostname="QT-INBG-LT0591" failures="0" tests="1" name="Automation.Mobile.HomePage" time="6.233" errors="0" timestamp="2022-07-14T09:15:47 IST" skipped="0">
  <testcase classname="Automation.Mobile.HomePage" name="basePageNavigation" time="6.233"/>
  <system-out/>
</testsuite> <!-- Automation.Mobile.HomePage -->
