<?xml version="1.0" encoding="UTF-8"?>
<!-- Generated by org.testng.reporters.JUnitReportReporter -->
<testsuite hostname="QT-INBG-LT0591" failures="0" tests="2" name="Automation.Mobile.HomePageTest" time="6.827" errors="0" timestamp="2022-07-14T10:38:39 IST" skipped="0">
  <testcase classname="Automation.Mobile.HomePageTest" name="basePageNavigation" time="2.707"/>
  <system-out/>
  <testcase classname="Automation.Mobile.HomePageTest" name="basePageNavigation" time="4.120"/>
  <system-out/>
</testsuite> <!-- Automation.Mobile.HomePageTest -->
