<?xml version="1.0" encoding="UTF-8"?>
<!-- Generated by org.testng.reporters.JUnitReportReporter -->
<testsuite hostname="QT-INBG-LT0591" failures="0" tests="1" name="Automation.Mobile.SignUpTest" time="9.963" errors="0" timestamp="2022-07-24T11:45:54 IST" skipped="0">
  <testcase classname="Automation.Mobile.SignUpTest" name="signUp" time="9.963"/>
  <system-out/>
</testsuite> <!-- Automation.Mobile.SignUpTest -->
